#
# A fatal error has been detected by the Java Runtime Environment:
#
#  EXCEPTION_ACCESS_VIOLATION (0xc0000005) at pc=0x0000000012221556, pid=2684, tid=1604
#
# JRE version: 7.0_11-b21
# Java VM: Java HotSpot(TM) 64-Bit Server VM (23.6-b04 mixed mode windows-amd64 compressed oops)
# Problematic frame:
# C  0x0000000012221556
#
# Failed to write core dump. Minidumps are not enabled by default on client versions of Windows
#
# If you would like to submit a bug report, please visit:
#   http://bugreport.sun.com/bugreport/crash.jsp
# The crash happened outside the Java Virtual Machine in native code.
# See problematic frame for where to report the bug.
#

---------------  T H R E A D  ---------------

Current thread (0x000000007643c000):  JavaThread "Main message loop" daemon [_thread_in_native, id=1604, stack(0x00000000c8000000,0x00000000cc000000)]

siginfo: ExceptionCode=0xc0000005, reading address 0x0000000000000000

Registers:
RAX=0x00000000125487d8, RBX=0x0000000076202950, RCX=0x0000000000000000, RDX=0x0000000012549810
RSP=0x00000000cbfeca10, RBP=0x0000000080040104, RSI=0x00000000cbff4818, RDI=0x0000000012549848
R8 =0x000004d2000e000f, R9 =0x000004d300420010, R10=0x0000000000000000, R11=0x00000000cbfec9d0
R12=0x00000000cbff48e0, R13=0x0000000000000000, R14=0x0000000000000000, R15=0x0000000000000000
RIP=0x0000000012221556, EFLAGS=0x0000000000010297

Top of Stack: (sp=0x00000000cbfeca10)
0x00000000cbfeca10:   0000000076202950 0000000080040104
0x00000000cbfeca20:   0000000075ffcca0 0000000012549820
0x00000000cbfeca30:   0000000000000030 00000000fd0dc168
0x00000000cbfeca40:   000000002afb2690 0000000012549820
0x00000000cbfeca50:   0000000000000030 0000000063d42688
0x00000000cbfeca60:   0000000077055430 0000000000000000
0x00000000cbfeca70:   0000000000000040 00000000000001f0
0x00000000cbfeca80:   000000002ae24861 00000000cbfeca38
0x00000000cbfeca90:   00000000cbfeca79 0000000800000004
0x00000000cbfecaa0:   0000000000000000 0000000063c59a47
0x00000000cbfecab0:   00006795fcf1bd16 000000002ae24860
0x00000000cbfecac0:   0000000076202950 0000000000000000
0x00000000cbfecad0:   00000000cbff4b30 0000000000000000
0x00000000cbfecae0:   000000007643c1d8 0000000075ffcca0
0x00000000cbfecaf0:   00000000cbfecbf8 0000000063d57ab3
0x00000000cbfecb00:   000000002ae24861 0000000063d4c8e9 

Instructions: (pc=0x0000000012221556)
0x0000000012221536:   00 00 e8 6b 35 00 00 48 8b 84 24 5c 7d 00 00 48
0x0000000012221546:   83 c0 08 83 38 02 7f 0d 48 8b 8c 24 90 7d 00 00
0x0000000012221556:   48 8b 01 eb 66 83 38 03 75 0e 48 8b 8c 24 90 7d
0x0000000012221566:   00 00 f3 0f 10 01 eb 53 83 38 04 75 0e 48 8b 8c 


Register to memory mapping:

RAX=0x00000000125487d8 is an unknown value
RBX=0x0000000076202950 is a global jni handle
RCX=0x0000000000000000 is an unknown value
RDX=0x0000000012549810 is an unknown value
RSP=0x00000000cbfeca10 is pointing into the stack for thread: 0x000000007643c000
RBP=0x0000000080040104 is pointing into the stack for thread: 0x0000000058d30800
RSI=0x00000000cbff4818 is pointing into the stack for thread: 0x000000007643c000
RDI=0x0000000012549848 is an unknown value
R8 =0x000004d2000e000f is an unknown value
R9 =0x000004d300420010 is an unknown value
R10=0x0000000000000000 is an unknown value
R11=0x00000000cbfec9d0 is pointing into the stack for thread: 0x000000007643c000
R12=0x00000000cbff48e0 is pointing into the stack for thread: 0x000000007643c000
R13=0x0000000000000000 is an unknown value
R14=0x0000000000000000 is an unknown value
R15=0x0000000000000000 is an unknown value


Stack: [0x00000000c8000000,0x00000000cc000000],  sp=0x00000000cbfeca10,  free space=65458k
Native frames: (J=compiled Java code, j=interpreted, Vv=VM code, C=native code)
C  0x0000000012221556

Java frames: (J=compiled Java code, j=interpreted, Vv=VM code)
j  com.jniwrapper.Function.invokeCFunc(JJB[BII[II)I+0
J  com.jniwrapper.FunctionCall.a(ZJJJIBLcom/jniwrapper/Parameter;[Lcom/jniwrapper/Parameter;)J
j  com.jniwrapper.FunctionCall.call(JJBLcom/jniwrapper/Parameter;[Lcom/jniwrapper/Parameter;)J+12
j  com.jniwrapper.Function.invoke(Lcom/jniwrapper/Parameter;[Lcom/jniwrapper/Parameter;)J+21
j  com.jniwrapper.Function.invoke(Lcom/jniwrapper/Parameter;Lcom/jniwrapper/Parameter;)J+10
j  com.jniwrapper.win32.MessageLoopThread$LoopThread.run()V+299
v  ~StubRoutines::call_stub

---------------  P R O C E S S  ---------------

Java Threads: ( => current thread )
  0x000000007643b000 JavaThread "Browser Events Thread" daemon [_thread_blocked, id=5096, stack(0x000000011c000000,0x0000000120000000)]
  0x000000007643a800 JavaThread "Timer-2" daemon [_thread_blocked, id=3320, stack(0x00000000d8000000,0x00000000dc000000)]
=>0x000000007643c000 JavaThread "Main message loop" daemon [_thread_in_native, id=1604, stack(0x00000000c8000000,0x00000000cc000000)]
  0x0000000076436800 JavaThread "com.jniwrapper.NativeResourceCollector" daemon [_thread_blocked, id=4504, stack(0x00000000b8000000,0x00000000bc000000)]
  0x0000000076436000 JavaThread "Code Analyzer updating thread" [_thread_blocked, id=4416, stack(0x00000000b4000000,0x00000000b8000000)]
  0x0000000076435000 JavaThread "Active Reference Queue Daemon" daemon [_thread_blocked, id=464, stack(0x00000000b0000000,0x00000000b4000000)]
  0x0000000076438000 JavaThread "Timer-1" daemon [_thread_blocked, id=596, stack(0x0000000088000000,0x000000008c000000)]
  0x0000000059036800 JavaThread "Prefs Updater" daemon [_thread_blocked, id=1452, stack(0x000000000dd00000,0x0000000011d00000)]
  0x0000000076437800 JavaThread "Swing-Shell" daemon [_thread_blocked, id=3400, stack(0x0000000114000000,0x0000000118000000)]
  0x0000000075d24000 JavaThread "ClipboardMonitor Timer" daemon [_thread_blocked, id=1060, stack(0x00000000d4000000,0x00000000d8000000)]
  0x0000000059034800 JavaThread "Explorer NavigationContext request queue" daemon [_thread_blocked, id=4968, stack(0x00000000cc000000,0x00000000d0000000)]
  0x0000000059039000 JavaThread "AddressBar directory emptiness poller" daemon [_thread_blocked, id=4244, stack(0x00000000c4000000,0x00000000c8000000)]
  0x0000000059039800 JavaThread "Explorer Refresh Service 534000608" daemon [_thread_blocked, id=1252, stack(0x00000000c0000000,0x00000000c4000000)]
  0x0000000059033800 JavaThread "Thread-4" daemon [_thread_blocked, id=4104, stack(0x00000000ac000000,0x00000000b0000000)]
  0x0000000059032800 JavaThread "TimerQueue" daemon [_thread_blocked, id=2400, stack(0x00000000a4000000,0x00000000a8000000)]
  0x000000002b07b800 JavaThread "Thread-3" daemon [_thread_blocked, id=3044, stack(0x00000000a0000000,0x00000000a4000000)]
  0x0000000058d31800 JavaThread "AWT-EventQueue-0" [_thread_blocked, id=5000, stack(0x000000009c000000,0x00000000a0000000)]
  0x0000000058d30800 JavaThread "AWT-Shutdown" [_thread_blocked, id=4556, stack(0x0000000080000000,0x0000000084000000)]
  0x000000002b24b800 JavaThread "FelixPackageAdmin" daemon [_thread_blocked, id=5004, stack(0x0000000098000000,0x000000009c000000)]
  0x000000002b24b000 JavaThread "FelixStartLevel" daemon [_thread_blocked, id=1416, stack(0x0000000094000000,0x0000000098000000)]
  0x0000000058c47000 JavaThread "FelixDispatchQueue" daemon [_thread_blocked, id=3524, stack(0x0000000090000000,0x0000000094000000)]
  0x0000000058aaf800 JavaThread "com.google.common.base.internal.Finalizer" daemon [_thread_blocked, id=1076, stack(0x000000008c000000,0x0000000090000000)]
  0x0000000058a7d800 JavaThread "AWT-Windows" daemon [_thread_in_native, id=3540, stack(0x0000000084000000,0x0000000088000000)]
  0x0000000058a7c000 JavaThread "Java2D Disposer" daemon [_thread_blocked, id=2948, stack(0x0000000077110000,0x000000007b110000)]
  0x00000000587f5800 JavaThread "Timer-0" [_thread_blocked, id=4772, stack(0x000000005d570000,0x0000000061570000)]
  0x0000000058748800 JavaThread "EventMgr Dispatcher" daemon [_thread_in_native, id=2900, stack(0x0000000059570000,0x000000005d570000)]
  0x000000002b024000 JavaThread "Service Thread" daemon [_thread_blocked, id=4480, stack(0x00000000505a0000,0x00000000545a0000)]
  0x000000002b023000 JavaThread "C2 CompilerThread1" daemon [_thread_blocked, id=4664, stack(0x000000004c5a0000,0x00000000505a0000)]
  0x000000002b018800 JavaThread "C2 CompilerThread0" daemon [_thread_blocked, id=2812, stack(0x00000000485a0000,0x000000004c5a0000)]
  0x000000002b013800 JavaThread "Attach Listener" daemon [_thread_blocked, id=1776, stack(0x00000000445a0000,0x00000000485a0000)]
  0x000000002afa5800 JavaThread "Finalizer" daemon [_thread_blocked, id=1864, stack(0x00000000405a0000,0x00000000445a0000)]
  0x000000002af97000 JavaThread "Reference Handler" daemon [_thread_blocked, id=1804, stack(0x000000003c5a0000,0x00000000405a0000)]
  0x000000001a0c3800 JavaThread "main" [_thread_in_native, id=4628, stack(0x0000000000030000,0x0000000004030000)]

Other Threads:
  0x000000002af7c000 VMThread [stack: 0x00000000385a0000,0x000000003c5a0000] [id=3180]
  0x000000002b105800 WatcherThread [stack: 0x00000000545a0000,0x00000000585a0000] [id=5040]

VM state:not at safepoint (normal execution)

VM Mutex/Monitor currently owned by a thread: None

Heap
 PSYoungGen      total 59904K, used 51831K [0x00000000fa000000, 0x00000000ff7e0000, 0x0000000100000000)
  eden space 38528K, 79% used [0x00000000fa000000,0x00000000fbdc37e8,0x00000000fc5a0000)
  from space 21376K, 99% used [0x00000000fc6f0000,0x00000000fdbca5f8,0x00000000fdbd0000)
  to   space 25728K, 0% used [0x00000000fdec0000,0x00000000fdec0000,0x00000000ff7e0000)
 ParOldGen       total 69056K, used 61429K [0x00000000e8000000, 0x00000000ec370000, 0x00000000fa000000)
  object space 69056K, 88% used [0x00000000e8000000,0x00000000ebbfd408,0x00000000ec370000)
 PSPermGen       total 91264K, used 65838K [0x00000000e0000000, 0x00000000e5920000, 0x00000000e8000000)
  object space 91264K, 72% used [0x00000000e0000000,0x00000000e404ba88,0x00000000e5920000)

Card table byte_map: [0x000000002e6c0000,0x000000002e7d0000] byte_map_base: 0x000000002dfc0000

Polling page: 0x0000000009840000

Code Cache  [0x000000002b600000, 0x000000002bbd0000, 0x000000002e600000)
 total_blobs=2595 nmethods=1926 adapters=618 free_code_cache=43336Kb largest_free_block=44244224

Compilation events (10 events):
Event: 2178.092 Thread 0x000000002b023000 2049   !         com.jniwrapper.bh::<init> (53 bytes)
Event: 2178.095 Thread 0x000000002b023000 nmethod 2049 0x000000002bbc6ed0 code [0x000000002bbc7020, 0x000000002bbc7448]
Event: 2178.100 Thread 0x000000002b018800 2050             com.jniwrapper.NativeResourceCollector::addNativeResource (26 bytes)
Event: 2178.101 Thread 0x000000002b018800 nmethod 2050 0x000000002bbc6b90 code [0x000000002bbc6ce0, 0x000000002bbc6de8]
Event: 2178.523 Thread 0x000000002b023000 2051             com.jniwrapper.PlatformContext::getAlignedParameterLength (8 bytes)
Event: 2178.524 Thread 0x000000002b023000 nmethod 2051 0x000000002b911310 code [0x000000002b911460, 0x000000002b911528]
Event: 2178.631 Thread 0x000000002b018800 2052             com.jniwrapper.bn::<init> (11 bytes)
Event: 2178.631 Thread 0x000000002b018800 nmethod 2052 0x000000002bbc2790 code [0x000000002bbc28c0, 0x000000002bbc2918]
Event: 2178.632 Thread 0x000000002b023000 2054             com.jniwrapper.NativeResourceCollector::getInstance (20 bytes)
Event: 2178.632 Thread 0x000000002b023000 nmethod 2054 0x000000002bbc2590 code [0x000000002bbc26c0, 0x000000002bbc2718]

GC Heap History (10 events):
Event: 2142.072 GC heap before
{Heap before GC invocations=48 (full 1):
 PSYoungGen      total 58752K, used 56612K [0x00000000fa000000, 0x00000000fe740000, 0x0000000100000000)
  eden space 48384K, 100% used [0x00000000fa000000,0x00000000fcf40000,0x00000000fcf40000)
  from space 10368K, 79% used [0x00000000fdd20000,0x00000000fe529090,0x00000000fe740000)
  to   space 12288K, 0% used [0x00000000fcf40000,0x00000000fcf40000,0x00000000fdb40000)
 ParOldGen       total 69056K, used 48901K [0x00000000e8000000, 0x00000000ec370000, 0x00000000fa000000)
  object space 69056K, 70% used [0x00000000e8000000,0x00000000eafc1598,0x00000000ec370000)
 PSPermGen       total 91264K, used 60389K [0x00000000e0000000, 0x00000000e5920000, 0x00000000e8000000)
  object space 91264K, 66% used [0x00000000e0000000,0x00000000e3af96a8,0x00000000e5920000)
Event: 2142.120 GC heap after
Heap after GC invocations=48 (full 1):
 PSYoungGen      total 58944K, used 12264K [0x00000000fa000000, 0x00000000fea30000, 0x0000000100000000)
  eden space 46656K, 0% used [0x00000000fa000000,0x00000000fa000000,0x00000000fcd90000)
  from space 12288K, 99% used [0x00000000fcf40000,0x00000000fdb3a348,0x00000000fdb40000)
  to   space 14656K, 0% used [0x00000000fdbe0000,0x00000000fdbe0000,0x00000000fea30000)
 ParOldGen       total 69056K, used 51706K [0x00000000e8000000, 0x00000000ec370000, 0x00000000fa000000)
  object space 69056K, 74% used [0x00000000e8000000,0x00000000eb27e8d0,0x00000000ec370000)
 PSPermGen       total 91264K, used 60389K [0x00000000e0000000, 0x00000000e5920000, 0x00000000e8000000)
  object space 91264K, 66% used [0x00000000e0000000,0x00000000e3af96a8,0x00000000e5920000)
}
Event: 2150.595 GC heap before
{Heap before GC invocations=49 (full 1):
 PSYoungGen      total 58944K, used 58920K [0x00000000fa000000, 0x00000000fea30000, 0x0000000100000000)
  eden space 46656K, 100% used [0x00000000fa000000,0x00000000fcd90000,0x00000000fcd90000)
  from space 12288K, 99% used [0x00000000fcf40000,0x00000000fdb3a348,0x00000000fdb40000)
  to   space 14656K, 0% used [0x00000000fdbe0000,0x00000000fdbe0000,0x00000000fea30000)
 ParOldGen       total 69056K, used 51706K [0x00000000e8000000, 0x00000000ec370000, 0x00000000fa000000)
  object space 69056K, 74% used [0x00000000e8000000,0x00000000eb27e8d0,0x00000000ec370000)
 PSPermGen       total 91264K, used 61759K [0x00000000e0000000, 0x00000000e5920000, 0x00000000e8000000)
  object space 91264K, 67% used [0x00000000e0000000,0x00000000e3c4fce0,0x00000000e5920000)
Event: 2150.643 GC heap after
Heap after GC invocations=49 (full 1):
 PSYoungGen      total 57408K, used 14649K [0x00000000fa000000, 0x00000000ff040000, 0x0000000100000000)
  eden space 42752K, 0% used [0x00000000fa000000,0x00000000fa000000,0x00000000fc9c0000)
  from space 14656K, 99% used [0x00000000fdbe0000,0x00000000fea2e7e0,0x00000000fea30000)
  to   space 18560K, 0% used [0x00000000fc9c0000,0x00000000fc9c0000,0x00000000fdbe0000)
 ParOldGen       total 69056K, used 57385K [0x00000000e8000000, 0x00000000ec370000, 0x00000000fa000000)
  object space 69056K, 83% used [0x00000000e8000000,0x00000000eb80a678,0x00000000ec370000)
 PSPermGen       total 91264K, used 61759K [0x00000000e0000000, 0x00000000e5920000, 0x00000000e8000000)
  object space 91264K, 67% used [0x00000000e0000000,0x00000000e3c4fce0,0x00000000e5920000)
}
Event: 2154.605 GC heap before
{Heap before GC invocations=50 (full 1):
 PSYoungGen      total 57408K, used 57401K [0x00000000fa000000, 0x00000000ff040000, 0x0000000100000000)
  eden space 42752K, 100% used [0x00000000fa000000,0x00000000fc9c0000,0x00000000fc9c0000)
  from space 14656K, 99% used [0x00000000fdbe0000,0x00000000fea2e7e0,0x00000000fea30000)
  to   space 18560K, 0% used [0x00000000fc9c0000,0x00000000fc9c0000,0x00000000fdbe0000)
 ParOldGen       total 69056K, used 57385K [0x00000000e8000000, 0x00000000ec370000, 0x00000000fa000000)
  object space 69056K, 83% used [0x00000000e8000000,0x00000000eb80a678,0x00000000ec370000)
 PSPermGen       total 91264K, used 63798K [0x00000000e0000000, 0x00000000e5920000, 0x00000000e8000000)
  object space 91264K, 69% used [0x00000000e0000000,0x00000000e3e4da30,0x00000000e5920000)
Event: 2154.626 GC heap after
Heap after GC invocations=50 (full 1):
 PSYoungGen      total 59840K, used 16039K [0x00000000fa000000, 0x00000000fefb0000, 0x0000000100000000)
  eden space 41280K, 0% used [0x00000000fa000000,0x00000000fa000000,0x00000000fc850000)
  from space 18560K, 86% used [0x00000000fc9c0000,0x00000000fd969d50,0x00000000fdbe0000)
  to   space 20160K, 0% used [0x00000000fdc00000,0x00000000fdc00000,0x00000000fefb0000)
 ParOldGen       total 69056K, used 57521K [0x00000000e8000000, 0x00000000ec370000, 0x00000000fa000000)
  object space 69056K, 83% used [0x00000000e8000000,0x00000000eb82c678,0x00000000ec370000)
 PSPermGen       total 91264K, used 63798K [0x00000000e0000000, 0x00000000e5920000, 0x00000000e8000000)
  object space 91264K, 69% used [0x00000000e0000000,0x00000000e3e4da30,0x00000000e5920000)
}
Event: 2165.227 GC heap before
{Heap before GC invocations=51 (full 1):
 PSYoungGen      total 59840K, used 57319K [0x00000000fa000000, 0x00000000fefb0000, 0x0000000100000000)
  eden space 41280K, 100% used [0x00000000fa000000,0x00000000fc850000,0x00000000fc850000)
  from space 18560K, 86% used [0x00000000fc9c0000,0x00000000fd969d50,0x00000000fdbe0000)
  to   space 20160K, 0% used [0x00000000fdc00000,0x00000000fdc00000,0x00000000fefb0000)
 ParOldGen       total 69056K, used 57521K [0x00000000e8000000, 0x00000000ec370000, 0x00000000fa000000)
  object space 69056K, 83% used [0x00000000e8000000,0x00000000eb82c678,0x00000000ec370000)
 PSPermGen       total 91264K, used 64636K [0x00000000e0000000, 0x00000000e5920000, 0x00000000e8000000)
  object space 91264K, 70% used [0x00000000e0000000,0x00000000e3f1f380,0x00000000e5920000)
Event: 2165.254 GC heap after
Heap after GC invocations=51 (full 1):
 PSYoungGen      total 60032K, used 16114K [0x00000000fa000000, 0x00000000ff0b0000, 0x0000000100000000)
  eden space 39872K, 0% used [0x00000000fa000000,0x00000000fa000000,0x00000000fc6f0000)
  from space 20160K, 79% used [0x00000000fdc00000,0x00000000febbcb88,0x00000000fefb0000)
  to   space 21376K, 0% used [0x00000000fc6f0000,0x00000000fc6f0000,0x00000000fdbd0000)
 ParOldGen       total 69056K, used 57521K [0x00000000e8000000, 0x00000000ec370000, 0x00000000fa000000)
  object space 69056K, 83% used [0x00000000e8000000,0x00000000eb82c678,0x00000000ec370000)
 PSPermGen       total 91264K, used 64636K [0x00000000e0000000, 0x00000000e5920000, 0x00000000e8000000)
  object space 91264K, 70% used [0x00000000e0000000,0x00000000e3f1f380,0x00000000e5920000)
}
Event: 2172.547 GC heap before
{Heap before GC invocations=52 (full 1):
 PSYoungGen      total 60032K, used 55986K [0x00000000fa000000, 0x00000000ff0b0000, 0x0000000100000000)
  eden space 39872K, 100% used [0x00000000fa000000,0x00000000fc6f0000,0x00000000fc6f0000)
  from space 20160K, 79% used [0x00000000fdc00000,0x00000000febbcb88,0x00000000fefb0000)
  to   space 21376K, 0% used [0x00000000fc6f0000,0x00000000fc6f0000,0x00000000fdbd0000)
 ParOldGen       total 69056K, used 57521K [0x00000000e8000000, 0x00000000ec370000, 0x00000000fa000000)
  object space 69056K, 83% used [0x00000000e8000000,0x00000000eb82c678,0x00000000ec370000)
 PSPermGen       total 91264K, used 65085K [0x00000000e0000000, 0x00000000e5920000, 0x00000000e8000000)
  object space 91264K, 71% used [0x00000000e0000000,0x00000000e3f8f6c0,0x00000000e5920000)
Event: 2172.575 GC heap after
Heap after GC invocations=52 (full 1):
 PSYoungGen      total 59904K, used 21353K [0x00000000fa000000, 0x00000000ff7e0000, 0x0000000100000000)
  eden space 38528K, 0% used [0x00000000fa000000,0x00000000fa000000,0x00000000fc5a0000)
  from space 21376K, 99% used [0x00000000fc6f0000,0x00000000fdbca5f8,0x00000000fdbd0000)
  to   space 25728K, 0% used [0x00000000fdec0000,0x00000000fdec0000,0x00000000ff7e0000)
 ParOldGen       total 69056K, used 61429K [0x00000000e8000000, 0x00000000ec370000, 0x00000000fa000000)
  object space 69056K, 88% used [0x00000000e8000000,0x00000000ebbfd408,0x00000000ec370000)
 PSPermGen       total 91264K, used 65085K [0x00000000e0000000, 0x00000000e5920000, 0x00000000e8000000)
  object space 91264K, 71% used [0x00000000e0000000,0x00000000e3f8f6c0,0x00000000e5920000)
}

Deoptimization events (10 events):
Event: 2174.315 Thread 0x0000000076439800 Uncommon trap -34 fr.pc 0x000000002bb9eaf8
Event: 2174.315 Thread 0x0000000076439800 Uncommon trap -34 fr.pc 0x000000002bb9eaf8
Event: 2174.315 Thread 0x0000000076439800 Uncommon trap -34 fr.pc 0x000000002bb9eaf8
Event: 2174.888 Thread 0x0000000076439800 Uncommon trap -58 fr.pc 0x000000002bbaa7b4
Event: 2174.888 Thread 0x0000000076439800 Uncommon trap -58 fr.pc 0x000000002b887b2c
Event: 2174.888 Thread 0x0000000076439800 Uncommon trap -58 fr.pc 0x000000002bbaa7b4
Event: 2174.888 Thread 0x0000000076439800 Uncommon trap -58 fr.pc 0x000000002bbaa7b4
Event: 2174.888 Thread 0x0000000076439800 Uncommon trap -58 fr.pc 0x000000002bbaa7b4
Event: 2174.923 Thread 0x0000000076439800 Uncommon trap -83 fr.pc 0x000000002bba949c
Event: 2177.869 Thread 0x0000000058d31800 Uncommon trap -83 fr.pc 0x000000002ba8efb8

Internal exceptions (10 events):
Event: 2175.474 Thread 0x000000007643c000 Threw 0x00000000faee3538 at C:\jdk7u1_64p\jdk7u11\hotspot\src\share\vm\prims\jvm.cpp:1166
Event: 2175.519 Thread 0x000000007643c000 Threw 0x00000000faef8350 at C:\jdk7u1_64p\jdk7u11\hotspot\src\share\vm\prims\jvm.cpp:1166
Event: 2175.562 Thread 0x000000007643c000 Threw 0x00000000faf095c0 at C:\jdk7u1_64p\jdk7u11\hotspot\src\share\vm\prims\jvm.cpp:1166
Event: 2175.593 Thread 0x000000007643c000 Threw 0x00000000faf281d8 at C:\jdk7u1_64p\jdk7u11\hotspot\src\share\vm\prims\jvm.cpp:1166
Event: 2177.866 Thread 0x000000007643c000 Threw 0x00000000fb5b6e98 at C:\jdk7u1_64p\jdk7u11\hotspot\src\share\vm\prims\jvm.cpp:1166
Event: 2177.998 Thread 0x000000007643c000 Threw 0x00000000fb674d68 at C:\jdk7u1_64p\jdk7u11\hotspot\src\share\vm\runtime\reflection.cpp:1039
Event: 2178.045 Thread 0x000000007643c000 Threw 0x00000000fb74c558 at C:\jdk7u1_64p\jdk7u11\hotspot\src\share\vm\prims\jvm.cpp:1166
Event: 2178.062 Thread 0x000000007643c000 Threw 0x00000000fb8190d0 at C:\jdk7u1_64p\jdk7u11\hotspot\src\share\vm\prims\jvm.cpp:1166
Event: 2178.068 Thread 0x000000007643c000 Threw 0x00000000fb9aa6b0 at C:\jdk7u1_64p\jdk7u11\hotspot\src\share\vm\prims\jvm.cpp:1166
Event: 2178.736 Thread 0x000000001a0c3800 Threw 0x00000000fbc76330 at C:\jdk7u1_64p\jdk7u11\hotspot\src\share\vm\prims\jvm.cpp:1166

Events (10 events):
Event: 2178.062 loading class 0x000000007b6e3380 done
Event: 2178.068 loading class 0x000000007b6e3290
Event: 2178.068 loading class 0x000000007b6e3290 done
Event: 2178.632 Thread 0x000000002b023000 flushing nmethod 0x000000002bb523d0
Event: 2178.638 loading class 0x000000002aee87b0
Event: 2178.685 loading class 0x000000002aee88f0
Event: 2178.685 loading class 0x000000002aee88f0 done
Event: 2178.686 loading class 0x000000002aee87b0 done
Event: 2178.736 loading class 0x000000007b7af670
Event: 2178.736 loading class 0x000000007b7af670 done


Dynamic libraries:
0x0000000140000000 - 0x0000000140029000 	I:\install\DO_NOT_DELETE_MATLAB_2013\bin\win64\MATLAB.exe
0x0000000076f40000 - 0x00000000770e9000 	C:\Windows\SYSTEM32\ntdll.dll
0x0000000076e20000 - 0x0000000076f3f000 	C:\Windows\system32\kernel32.dll
0x000007fefcdb0000 - 0x000007fefce1b000 	C:\Windows\system32\KERNELBASE.dll
0x000000006f060000 - 0x000000006f3dc000 	I:\install\DO_NOT_DELETE_MATLAB_2013\bin\win64\libmwservices.dll
0x000000006fe80000 - 0x000000006ff56000 	I:\install\DO_NOT_DELETE_MATLAB_2013\bin\win64\libmwi18n.dll
0x000000006fe70000 - 0x000000006fe7d000 	I:\install\DO_NOT_DELETE_MATLAB_2013\bin\win64\libmwresource_core.dll
0x0000000068d50000 - 0x0000000068de8000 	I:\install\DO_NOT_DELETE_MATLAB_2013\bin\win64\MSVCP100.dll
0x0000000067dc0000 - 0x0000000067e92000 	I:\install\DO_NOT_DELETE_MATLAB_2013\bin\win64\MSVCR100.dll
0x00000000745f0000 - 0x00000000745fe000 	I:\install\DO_NOT_DELETE_MATLAB_2013\bin\win64\boost_date_time-vc100-mt-1_49.dll
0x0000000068d20000 - 0x0000000068d4c000 	I:\install\DO_NOT_DELETE_MATLAB_2013\bin\win64\boost_filesystem-vc100-mt-1_49.dll
0x0000000071c20000 - 0x0000000071c29000 	I:\install\DO_NOT_DELETE_MATLAB_2013\bin\win64\boost_system-vc100-mt-1_49.dll
0x000007fefeec0000 - 0x000007fefef9b000 	C:\Windows\system32\ADVAPI32.dll
0x000007fefde00000 - 0x000007fefde9f000 	C:\Windows\system32\msvcrt.dll
0x000007fefee50000 - 0x000007fefee6f000 	C:\Windows\SYSTEM32\sechost.dll
0x000007fefdea0000 - 0x000007fefdfcd000 	C:\Windows\system32\RPCRT4.dll
0x000000006c500000 - 0x000000006c525000 	I:\install\DO_NOT_DELETE_MATLAB_2013\bin\win64\LIBEXPAT.dll
0x0000000067c30000 - 0x0000000067dba000 	I:\install\DO_NOT_DELETE_MATLAB_2013\bin\win64\icuin49.dll
0x0000000067af0000 - 0x0000000067c2e000 	I:\install\DO_NOT_DELETE_MATLAB_2013\bin\win64\icuuc49.dll
0x0000000064b20000 - 0x0000000065c42000 	I:\install\DO_NOT_DELETE_MATLAB_2013\bin\win64\icudt49.dll
0x0000000071200000 - 0x0000000071210000 	I:\install\DO_NOT_DELETE_MATLAB_2013\bin\win64\icuio49.dll
0x0000000004220000 - 0x00000000042db000 	I:\install\DO_NOT_DELETE_MATLAB_2013\bin\win64\libut.dll
0x000000006f960000 - 0x000000006fb07000 	I:\install\DO_NOT_DELETE_MATLAB_2013\bin\win64\libmwfl.dll
0x00000000042e0000 - 0x00000000046ef000 	I:\install\DO_NOT_DELETE_MATLAB_2013\bin\win64\libmwMATLAB_res.dll
0x00000000675a0000 - 0x000000006767f000 	I:\install\DO_NOT_DELETE_MATLAB_2013\bin\win64\boost_regex-vc100-mt-1_49.dll
0x0000000076d20000 - 0x0000000076e1a000 	C:\Windows\system32\USER32.dll
0x000007fefede0000 - 0x000007fefee47000 	C:\Windows\system32\GDI32.dll
0x000007fefd700000 - 0x000007fefd70e000 	C:\Windows\system32\LPK.dll
0x000007fefd630000 - 0x000007fefd6f9000 	C:\Windows\system32\USP10.dll
0x000000006bce0000 - 0x000000006bcf1000 	I:\install\DO_NOT_DELETE_MATLAB_2013\bin\win64\boost_signals-vc100-mt-1_49.dll
0x000000006c4e0000 - 0x000000006c4f1000 	I:\install\DO_NOT_DELETE_MATLAB_2013\bin\win64\boost_thread-vc100-mt-1_49.dll
0x0000000068c90000 - 0x0000000068d1c000 	I:\install\DO_NOT_DELETE_MATLAB_2013\bin\win64\boost_log-vc100-mt-1_49.dll
0x0000000077100000 - 0x0000000077107000 	C:\Windows\system32\PSAPI.DLL
0x000007fefee70000 - 0x000007fefeebd000 	C:\Windows\system32\WS2_32.dll
0x000007fefd710000 - 0x000007fefd718000 	C:\Windows\system32\NSI.dll
0x000007fef46c0000 - 0x000007fef46f3000 	I:\install\DO_NOT_DELETE_MATLAB_2013\bin\win64\tbb.dll
0x000007fefdbd0000 - 0x000007fefdbe9000 	C:\Windows\system32\imagehlp.dll
0x000007fefa330000 - 0x000007fefa35c000 	C:\Windows\system32\POWRPROF.dll
0x000007fefd720000 - 0x000007fefd8f7000 	C:\Windows\system32\SETUPAPI.dll
0x000007fefd070000 - 0x000007fefd0a6000 	C:\Windows\system32\CFGMGR32.dll
0x000007fefd550000 - 0x000007fefd627000 	C:\Windows\system32\OLEAUT32.dll
0x000007fefdbf0000 - 0x000007fefddf3000 	C:\Windows\system32\ole32.dll
0x000007fefce20000 - 0x000007fefce3a000 	C:\Windows\system32\DEVOBJ.dll
0x00000000046f0000 - 0x00000000047eb000 	I:\install\DO_NOT_DELETE_MATLAB_2013\bin\win64\libmx.dll
0x000007fefae50000 - 0x000007fefae78000 	I:\install\DO_NOT_DELETE_MATLAB_2013\bin\win64\tbbmalloc.dll
0x0000000067ad0000 - 0x0000000067ae7000 	I:\install\DO_NOT_DELETE_MATLAB_2013\bin\win64\zlib1.dll
0x000000006ef00000 - 0x000000006ef4e000 	I:\install\DO_NOT_DELETE_MATLAB_2013\bin\win64\libmwregexp.dll
0x000000006eeb0000 - 0x000000006eef7000 	I:\install\DO_NOT_DELETE_MATLAB_2013\bin\win64\mpath.dll
0x00000000047f0000 - 0x0000000004e18000 	I:\install\DO_NOT_DELETE_MATLAB_2013\bin\win64\mlutil.dll
0x000000006e870000 - 0x000000006e8e7000 	I:\install\DO_NOT_DELETE_MATLAB_2013\bin\win64\xmlcore.dll
0x00000000648d0000 - 0x0000000064b11000 	I:\install\DO_NOT_DELETE_MATLAB_2013\bin\win64\xerces-c_2_7.dll
0x000000006e5f0000 - 0x000000006e613000 	I:\install\DO_NOT_DELETE_MATLAB_2013\bin\win64\libmwMATLAB_settings_res.dll
0x0000000071c10000 - 0x0000000071c20000 	I:\install\DO_NOT_DELETE_MATLAB_2013\bin\win64\boost_iostreams-vc100-mt-1_49.dll
0x0000000067550000 - 0x0000000067596000 	I:\install\DO_NOT_DELETE_MATLAB_2013\bin\win64\boost_serialization-vc100-mt-1_49.dll
0x000007fefdfd0000 - 0x000007fefed58000 	C:\Windows\system32\SHELL32.dll
0x000007fefd130000 - 0x000007fefd1a1000 	C:\Windows\system32\SHLWAPI.dll
0x000000006e580000 - 0x000000006e586000 	I:\install\DO_NOT_DELETE_MATLAB_2013\bin\win64\libmwnativedisplay.dll
0x00000000685f0000 - 0x000000006863d000 	I:\install\DO_NOT_DELETE_MATLAB_2013\bin\win64\opccore.dll
0x00000000684f0000 - 0x00000000685c6000 	I:\install\DO_NOT_DELETE_MATLAB_2013\bin\win64\opcmodel.dll
0x00000000684c0000 - 0x00000000684ed000 	I:\install\DO_NOT_DELETE_MATLAB_2013\bin\win64\opczippackage.dll
0x0000000070f80000 - 0x0000000070f8e000 	I:\install\DO_NOT_DELETE_MATLAB_2013\bin\win64\libminizip.dll
0x0000000068340000 - 0x00000000683a6000 	I:\install\DO_NOT_DELETE_MATLAB_2013\bin\win64\opcmwservices.dll
0x000007fef4620000 - 0x000007fef46c0000 	C:\Windows\WinSxS\amd64_microsoft.windows.common-controls_6595b64144ccf1df_5.82.7601.18201_none_a4d3b9377117c3df\COMCTL32.dll
0x000007fefd900000 - 0x000007fefd997000 	C:\Windows\system32\COMDLG32.dll
0x000007fefad60000 - 0x000007fefad76000 	C:\Windows\system32\NETAPI32.dll
0x000007fefad50000 - 0x000007fefad5c000 	C:\Windows\system32\netutils.dll
0x000007fefcab0000 - 0x000007fefcad3000 	C:\Windows\system32\srvcli.dll
0x000007fefad30000 - 0x000007fefad45000 	C:\Windows\system32\wkscli.dll
0x000000006e4d0000 - 0x000000006e57d000 	I:\install\DO_NOT_DELETE_MATLAB_2013\bin\win64\mcr.dll
0x000000006e110000 - 0x000000006e4d0000 	I:\install\DO_NOT_DELETE_MATLAB_2013\bin\win64\iqm.dll
0x0000000180000000 - 0x00000001800c2000 	I:\install\DO_NOT_DELETE_MATLAB_2013\bin\win64\m_dispatcher.dll
0x0000000004e20000 - 0x000000000561b000 	I:\install\DO_NOT_DELETE_MATLAB_2013\bin\win64\m_interpreter.dll
0x000000006d760000 - 0x000000006d784000 	I:\install\DO_NOT_DELETE_MATLAB_2013\bin\win64\libmex.dll
0x000000006d6e0000 - 0x000000006d75b000 	I:\install\DO_NOT_DELETE_MATLAB_2013\bin\win64\profiler.dll
0x000000006d450000 - 0x000000006d5c8000 	I:\install\DO_NOT_DELETE_MATLAB_2013\bin\win64\libmwmathutil.dll
0x000000006d420000 - 0x000000006d447000 	I:\install\DO_NOT_DELETE_MATLAB_2013\bin\win64\libmwmathrng.dll
0x000000006d410000 - 0x000000006d420000 	I:\install\DO_NOT_DELETE_MATLAB_2013\bin\win64\libmwmfl_rng.dll
0x0000000005620000 - 0x0000000005738000 	I:\install\DO_NOT_DELETE_MATLAB_2013\bin\win64\libmwmathcore.dll
0x000000006d2b0000 - 0x000000006d313000 	I:\install\DO_NOT_DELETE_MATLAB_2013\bin\win64\libmwspmatrix.dll
0x0000000005740000 - 0x00000000059a2000 	I:\install\DO_NOT_DELETE_MATLAB_2013\bin\win64\mcos.dll
0x000000006cfc0000 - 0x000000006d01c000 	I:\install\DO_NOT_DELETE_MATLAB_2013\bin\win64\libmwcholmod.dll
0x000000006cfb0000 - 0x000000006cfbc000 	I:\install\DO_NOT_DELETE_MATLAB_2013\bin\win64\libmwamd.dll
0x000000006cfa0000 - 0x000000006cfab000 	I:\install\DO_NOT_DELETE_MATLAB_2013\bin\win64\libmwcolamd.dll
0x000000006cf80000 - 0x000000006cf93000 	I:\install\DO_NOT_DELETE_MATLAB_2013\bin\win64\libmwblas.dll
0x000000006cf60000 - 0x000000006cf75000 	I:\install\DO_NOT_DELETE_MATLAB_2013\bin\win64\libmwbinder.dll
0x000000006cf50000 - 0x000000006cf5b000 	I:\install\DO_NOT_DELETE_MATLAB_2013\bin\win64\libmwompwrapper.dll
0x000000006ced0000 - 0x000000006cf4f000 	I:\install\DO_NOT_DELETE_MATLAB_2013\bin\win64\libmwlapack.dll
0x000000006ceb0000 - 0x000000006ced0000 	I:\install\DO_NOT_DELETE_MATLAB_2013\bin\win64\m_pcodeio.dll
0x000000006ce50000 - 0x000000006ceac000 	I:\install\DO_NOT_DELETE_MATLAB_2013\bin\win64\m_ir.dll
0x00000000059b0000 - 0x0000000006065000 	I:\install\DO_NOT_DELETE_MATLAB_2013\bin\win64\m_parser.dll
0x000000006c780000 - 0x000000006c797000 	I:\install\DO_NOT_DELETE_MATLAB_2013\bin\win64\ir_xfmr.dll
0x000000006c770000 - 0x000000006c780000 	I:\install\DO_NOT_DELETE_MATLAB_2013\bin\win64\mtok.dll
0x000000006c740000 - 0x000000006c768000 	I:\install\DO_NOT_DELETE_MATLAB_2013\bin\win64\m_pcodegen.dll
0x000007fef3940000 - 0x000007fef3a65000 	C:\Windows\system32\dbghelp.dll
0x000000006c710000 - 0x000000006c73f000 	I:\install\DO_NOT_DELETE_MATLAB_2013\bin\win64\libmwbridge.dll
0x000000006c650000 - 0x000000006c706000 	I:\install\DO_NOT_DELETE_MATLAB_2013\bin\win64\udd.dll
0x0000000006070000 - 0x00000000061c1000 	I:\install\DO_NOT_DELETE_MATLAB_2013\bin\win64\libmwgui.dll
0x00000000061d0000 - 0x00000000061f8000 	I:\install\DO_NOT_DELETE_MATLAB_2013\bin\win64\graphics_util.dll
0x0000000067490000 - 0x0000000067548000 	I:\install\DO_NOT_DELETE_MATLAB_2013\bin\win64\libtex_base.dll
0x0000000006200000 - 0x0000000006b66000 	I:\install\DO_NOT_DELETE_MATLAB_2013\bin\win64\hg.dll
0x000000006ba60000 - 0x000000006babd000 	I:\install\DO_NOT_DELETE_MATLAB_2013\bin\win64\libmat.dll
0x000000006b850000 - 0x000000006ba58000 	I:\install\DO_NOT_DELETE_MATLAB_2013\bin\win64\hdf5dll.dll
0x000000006b780000 - 0x000000006b848000 	I:\install\DO_NOT_DELETE_MATLAB_2013\bin\win64\jmi.dll
0x000000006b770000 - 0x000000006b77e000 	I:\install\DO_NOT_DELETE_MATLAB_2013\bin\win64\nativejava_services.dll
0x0000000006b70000 - 0x0000000006bb2000 	I:\install\DO_NOT_DELETE_MATLAB_2013\bin\win64\libmwhardcopy.dll
0x000000006b6d0000 - 0x000000006b72e000 	I:\install\DO_NOT_DELETE_MATLAB_2013\bin\win64\libuij.dll
0x000000006b490000 - 0x000000006b695000 	I:\install\DO_NOT_DELETE_MATLAB_2013\bin\win64\hgdatatypes.dll
0x0000000006bc0000 - 0x0000000006cd2000 	I:\install\DO_NOT_DELETE_MATLAB_2013\bin\win64\hgutils.dll
0x000000006b2f0000 - 0x000000006b39e000 	I:\install\DO_NOT_DELETE_MATLAB_2013\bin\win64\udd_mi.dll
0x000000006b2b0000 - 0x000000006b2e6000 	I:\install\DO_NOT_DELETE_MATLAB_2013\bin\win64\libmwgbtutils.dll
0x000000006b290000 - 0x000000006b2a3000 	I:\install\DO_NOT_DELETE_MATLAB_2013\bin\win64\libmwgbt.dll
0x000000006afc0000 - 0x000000006b28f000 	I:\install\DO_NOT_DELETE_MATLAB_2013\bin\win64\uiw.dll
0x000000006afb0000 - 0x000000006afb9000 	I:\install\DO_NOT_DELETE_MATLAB_2013\bin\win64\uinone.dll
0x000000006af80000 - 0x000000006afac000 	I:\install\DO_NOT_DELETE_MATLAB_2013\bin\win64\libmwnativedialogs.dll
0x000000006af70000 - 0x000000006af7c000 	I:\install\DO_NOT_DELETE_MATLAB_2013\bin\win64\libmwplatform_res.dll
0x000007fef8120000 - 0x000007fef8138000 	C:\Windows\system32\MPR.dll
0x0000000064370000 - 0x00000000648cd000 	I:\install\DO_NOT_DELETE_MATLAB_2013\bin\win64\mfc100.dll
0x000007fef49d0000 - 0x000007fef49d7000 	C:\Windows\system32\MSIMG32.dll
0x000007fef7f50000 - 0x000007fef7fc1000 	C:\Windows\system32\WINSPOOL.DRV
0x000000006af50000 - 0x000000006af6d000 	I:\install\DO_NOT_DELETE_MATLAB_2013\bin\win64\mwoles05.DLL
0x000000006aee0000 - 0x000000006af4c000 	I:\install\DO_NOT_DELETE_MATLAB_2013\bin\win64\comcli.dll
0x0000000067aa0000 - 0x0000000067acb000 	I:\install\DO_NOT_DELETE_MATLAB_2013\bin\win64\ATL100.DLL
0x000000006aed0000 - 0x000000006aedc000 	I:\install\DO_NOT_DELETE_MATLAB_2013\bin\win64\mlautoregister.dll
0x0000000006cf0000 - 0x0000000006e5f000 	I:\install\DO_NOT_DELETE_MATLAB_2013\bin\win64\mvm.dll
0x000007fefd1b0000 - 0x000007fefd1de000 	C:\Windows\system32\IMM32.DLL
0x000007fefd240000 - 0x000007fefd349000 	C:\Windows\system32\MSCTF.dll
0x000007fefb480000 - 0x000007fefb4d6000 	C:\Windows\system32\UxTheme.dll
0x000007fefb050000 - 0x000007fefb068000 	C:\Windows\system32\dwmapi.dll

VM Arguments:
jvm_args: -XX:PermSize=32m -Xms64m -XX:NewRatio=3 -XX:MaxPermSize=128m -Xmx384m -XX:MaxDirectMemorySize=2147400000 -Dsun.java2d.noddraw=true -Dsun.awt.nopixfmt=true -Xshare:off -Xrs -XX:-UseSplitVerifier -Djava.library.path=I:\install\DO_NOT_DELETE_MATLAB_2013\bin\win64;I:\install\DO_NOT_DELETE_MATLAB_2013\sys\jxbrowser\win64\lib vfprintf abort -Duser.language=en -Duser.country=US 
java_command: <unknown>
Launcher Type: generic

Environment Variables:
JAVA_HOME=C:\Program Files\Java\jdk1.7.0_51
PATH=C:\Program Files\Common Files\Microsoft Shared\Windows Live;C:\Program Files (x86)\Common Files\Microsoft Shared\Windows Live;C:\Program Files (x86)\MiKTeX 2.9\miktex\bin;C:\Program Files (x86)\RSA SecurID Token Common;C:\Windows\system32;C:\Windows;C:\Windows\System32\Wbem;C:\Windows\System32\WindowsPowerShell\v1.0\;C:\cygwin64;C:\cygwin64\bin\;C:\Program Files (x86)\Anaconda;C:\Program Files (x86)\Anaconda\Scripts;I:\install\DO_NOT_DELETE_MATLAB_2013\runtime\win64;I:\install\DO_NOT_DELETE_MATLAB_2013\bin;I:\install\DO_NOT_DELETE_MATLAB_2013\polyspace\bin;I:\install\DO_NOT_DELETE_CYGWIN\bin;I:\install\DO_NOT_DELETE_CYGWIN\;C:\Program Files (x86)\Windows Live\Shared
USERNAME=sachin
OS=Windows_NT
PROCESSOR_IDENTIFIER=Intel64 Family 6 Model 23 Stepping 6, GenuineIntel



---------------  S Y S T E M  ---------------

OS: Windows 7 , 64 bit Build 7601 Service Pack 1

CPU:total 2 (2 cores per cpu, 1 threads per core) family 6 model 23 stepping 6, cmov, cx8, fxsr, mmx, sse, sse2, sse3, ssse3, sse4.1, tsc

Memory: 4k page, physical 3088412k(724004k free), swap 6174960k(2986260k free)

vm_info: Java HotSpot(TM) 64-Bit Server VM (23.6-b04) for windows-amd64 JRE (1.7.0_11-b21), built on Jan 12 2013 02:38:42 by "java_re" with unknown MS VC++:1600

time: Sun May 04 18:18:07 2014
elapsed time: 2178 seconds

